\BOOKMARK [1][-]{section.1}{Connections in offdesign mode}{}% 1
\BOOKMARK [2][-]{subsection.1.1}{Specified connection parameters}{section.1}% 2
\BOOKMARK [2][-]{subsection.1.2}{Equations applied}{section.1}% 3
\BOOKMARK [2][-]{subsection.1.3}{Specified fluids}{section.1}% 4
\BOOKMARK [2][-]{subsection.1.4}{Equations applied}{section.1}% 5
\BOOKMARK [2][-]{subsection.1.5}{Referenced values for mass flow}{section.1}% 6
\BOOKMARK [2][-]{subsection.1.6}{Equation applied}{section.1}% 7
\BOOKMARK [2][-]{subsection.1.7}{Referenced values for pressure}{section.1}% 8
\BOOKMARK [2][-]{subsection.1.8}{Equation applied}{section.1}% 9
\BOOKMARK [2][-]{subsection.1.9}{Referenced values for enthalpy}{section.1}% 10
\BOOKMARK [2][-]{subsection.1.10}{Equation applied}{section.1}% 11
\BOOKMARK [2][-]{subsection.1.11}{Referenced values for temperature}{section.1}% 12
\BOOKMARK [2][-]{subsection.1.12}{Equation applied}{section.1}% 13
\BOOKMARK [1][-]{section.2}{Components in offdesign mode}{}% 14
\BOOKMARK [2][-]{subsection.2.1}{Components of type Compressor}{section.2}% 15
\BOOKMARK [3][-]{subsubsection.2.1.1}{Mandatory constraints}{subsection.2.1}% 16
\BOOKMARK [3][-]{subsubsection.2.1.2}{Inputs specified}{subsection.2.1}% 17
\BOOKMARK [3][-]{subsubsection.2.1.3}{Equations applied}{subsection.2.1}% 18
\BOOKMARK [2][-]{subsection.2.2}{Components of type CombustionChamber}{section.2}% 19
\BOOKMARK [3][-]{subsubsection.2.2.1}{Mandatory constraints}{subsection.2.2}% 20
\BOOKMARK [3][-]{subsubsection.2.2.2}{Inputs specified}{subsection.2.2}% 21
\BOOKMARK [3][-]{subsubsection.2.2.3}{Equations applied}{subsection.2.2}% 22
\BOOKMARK [2][-]{subsection.2.3}{Components of type Turbine}{section.2}% 23
\BOOKMARK [3][-]{subsubsection.2.3.1}{Mandatory constraints}{subsection.2.3}% 24
\BOOKMARK [3][-]{subsubsection.2.3.2}{Inputs specified}{subsection.2.3}% 25
\BOOKMARK [3][-]{subsubsection.2.3.3}{Equations applied}{subsection.2.3}% 26
\BOOKMARK [2][-]{subsection.2.4}{Components of type HeatExchanger}{section.2}% 27
\BOOKMARK [3][-]{subsubsection.2.4.1}{Mandatory constraints}{subsection.2.4}% 28
\BOOKMARK [3][-]{subsubsection.2.4.2}{Inputs specified}{subsection.2.4}% 29
\BOOKMARK [3][-]{subsubsection.2.4.3}{Equations applied}{subsection.2.4}% 30
\BOOKMARK [2][-]{subsection.2.5}{Components of type Drum}{section.2}% 31
\BOOKMARK [3][-]{subsubsection.2.5.1}{Mandatory constraints}{subsection.2.5}% 32
\BOOKMARK [2][-]{subsection.2.6}{Components of type Splitter}{section.2}% 33
\BOOKMARK [3][-]{subsubsection.2.6.1}{Mandatory constraints}{subsection.2.6}% 34
\BOOKMARK [2][-]{subsection.2.7}{Components of type Condenser}{section.2}% 35
\BOOKMARK [3][-]{subsubsection.2.7.1}{Mandatory constraints}{subsection.2.7}% 36
\BOOKMARK [3][-]{subsubsection.2.7.2}{Inputs specified}{subsection.2.7}% 37
\BOOKMARK [3][-]{subsubsection.2.7.3}{Equations applied}{subsection.2.7}% 38
\BOOKMARK [2][-]{subsection.2.8}{Components of type Pump}{section.2}% 39
\BOOKMARK [3][-]{subsubsection.2.8.1}{Mandatory constraints}{subsection.2.8}% 40
\BOOKMARK [3][-]{subsubsection.2.8.2}{Inputs specified}{subsection.2.8}% 41
\BOOKMARK [3][-]{subsubsection.2.8.3}{Equations applied}{subsection.2.8}% 42
\BOOKMARK [2][-]{subsection.2.9}{Components of type Merge}{section.2}% 43
\BOOKMARK [3][-]{subsubsection.2.9.1}{Mandatory constraints}{subsection.2.9}% 44
\BOOKMARK [2][-]{subsection.2.10}{Components of type Valve}{section.2}% 45
\BOOKMARK [3][-]{subsubsection.2.10.1}{Mandatory constraints}{subsection.2.10}% 46
\BOOKMARK [1][-]{section.3}{Busses in offdesign mode}{}% 47
\BOOKMARK [2][-]{subsection.3.1}{Bus ``power output''}{section.3}% 48
\BOOKMARK [2][-]{subsection.3.2}{Bus ``gas turbine power output''}{section.3}% 49
\BOOKMARK [2][-]{subsection.3.3}{Bus ``heat output''}{section.3}% 50
\BOOKMARK [2][-]{subsection.3.4}{Bus ``heat cond''}{section.3}% 51
\BOOKMARK [2][-]{subsection.3.5}{Bus ``heat input''}{section.3}% 52
