This is pdfTeX, Version 3.14159265-2.6-1.40.20 (TeX Live 2019/W32TeX) (preloaded format=pdflatex 2020.3.27)  24 FEB 2021 11:21
entering extended mode
 restricted \write18 enabled.
 %&-line parsing enabled.
**document.tex
(./document.tex
LaTeX2e <2020-02-02> patch level 5
L3 programming layer <2020-02-25>
(c:/texlive/2019/texmf-dist/tex/latex/base/article.cls
Document Class: article 2019/12/20 v1.4l Standard LaTeX document class
(c:/texlive/2019/texmf-dist/tex/latex/base/size10.clo
File: size10.clo 2019/12/20 v1.4l Standard LaTeX file (size option)
)
\c@part=\count167
\c@section=\count168
\c@subsection=\count169
\c@subsubsection=\count170
\c@paragraph=\count171
\c@subparagraph=\count172
\c@figure=\count173
\c@table=\count174
\abovecaptionskip=\skip47
\belowcaptionskip=\skip48
\bibindent=\dimen134
)
(c:/texlive/2019/texmf-dist/tex/latex/geometry/geometry.sty
Package: geometry 2020/01/02 v5.9 Page Geometry

(c:/texlive/2019/texmf-dist/tex/latex/graphics/keyval.sty
Package: keyval 2014/10/28 v1.15 key=value parser (DPC)
\KV@toks@=\toks15
)
(c:/texlive/2019/texmf-dist/tex/generic/iftex/ifvtex.sty
Package: ifvtex 2019/10/25 v1.7 ifvtex legacy package. Use iftex instead.

(c:/texlive/2019/texmf-dist/tex/generic/iftex/iftex.sty
Package: iftex 2019/11/07 v1.0c TeX engine tests
))
\Gm@cnth=\count175
\Gm@cntv=\count176
\c@Gm@tempcnt=\count177
\Gm@bindingoffset=\dimen135
\Gm@wd@mp=\dimen136
\Gm@odd@mp=\dimen137
\Gm@even@mp=\dimen138
\Gm@layoutwidth=\dimen139
\Gm@layoutheight=\dimen140
\Gm@layouthoffset=\dimen141
\Gm@layoutvoffset=\dimen142
\Gm@dimlist=\toks16
)
(c:/texlive/2019/texmf-dist/tex/latex/graphics/graphicx.sty
Package: graphicx 2019/11/30 v1.2a Enhanced LaTeX Graphics (DPC,SPQR)

(c:/texlive/2019/texmf-dist/tex/latex/graphics/graphics.sty
Package: graphics 2019/11/30 v1.4a Standard LaTeX Graphics (DPC,SPQR)

(c:/texlive/2019/texmf-dist/tex/latex/graphics/trig.sty
Package: trig 2016/01/03 v1.10 sin cos tan (DPC)
)
(c:/texlive/2019/texmf-dist/tex/latex/graphics-cfg/graphics.cfg
File: graphics.cfg 2016/06/04 v1.11 sample graphics configuration
)
Package graphics Info: Driver file: pdftex.def on input line 105.

(c:/texlive/2019/texmf-dist/tex/latex/graphics-def/pdftex.def
File: pdftex.def 2018/01/08 v1.0l Graphics/color driver for pdftex
))
\Gin@req@height=\dimen143
\Gin@req@width=\dimen144
)
(c:/texlive/2019/texmf-dist/tex/latex/float/float.sty
Package: float 2001/11/08 v1.3d Float enhancements (AL)
\c@float@type=\count178
\float@exts=\toks17
\float@box=\box45
\@float@everytoks=\toks18
\@floatcapt=\box46
)
(c:/texlive/2019/texmf-dist/tex/latex/hyperref/hyperref.sty
Package: hyperref 2020/01/14 v7.00d Hypertext links for LaTeX

(c:/texlive/2019/texmf-dist/tex/generic/ltxcmds/ltxcmds.sty
Package: ltxcmds 2019/12/15 v1.24 LaTeX kernel commands for general use (HO)
)
(c:/texlive/2019/texmf-dist/tex/latex/pdftexcmds/pdftexcmds.sty
Package: pdftexcmds 2019/11/24 v0.31 Utility functions of pdfTeX for LuaTeX (HO
)

(c:/texlive/2019/texmf-dist/tex/generic/infwarerr/infwarerr.sty
Package: infwarerr 2019/12/03 v1.5 Providing info/warning/error messages (HO)
)
Package pdftexcmds Info: \pdf@primitive is available.
Package pdftexcmds Info: \pdf@ifprimitive is available.
Package pdftexcmds Info: \pdfdraftmode found.
)
(c:/texlive/2019/texmf-dist/tex/generic/kvsetkeys/kvsetkeys.sty
Package: kvsetkeys 2019/12/15 v1.18 Key value parser (HO)
)
(c:/texlive/2019/texmf-dist/tex/generic/kvdefinekeys/kvdefinekeys.sty
Package: kvdefinekeys 2019-12-19 v1.6 Define keys (HO)
)
(c:/texlive/2019/texmf-dist/tex/generic/pdfescape/pdfescape.sty
Package: pdfescape 2019/12/09 v1.15 Implements pdfTeX's escape features (HO)
)
(c:/texlive/2019/texmf-dist/tex/latex/hycolor/hycolor.sty
Package: hycolor 2020-01-27 v1.10 Color options for hyperref/bookmark (HO)
)
(c:/texlive/2019/texmf-dist/tex/latex/letltxmacro/letltxmacro.sty
Package: letltxmacro 2019/12/03 v1.6 Let assignment for LaTeX macros (HO)
)
(c:/texlive/2019/texmf-dist/tex/latex/auxhook/auxhook.sty
Package: auxhook 2019-12-17 v1.6 Hooks for auxiliary files (HO)
)
(c:/texlive/2019/texmf-dist/tex/latex/kvoptions/kvoptions.sty
Package: kvoptions 2019/11/29 v3.13 Key value format for package options (HO)
)
\@linkdim=\dimen145
\Hy@linkcounter=\count179
\Hy@pagecounter=\count180

(c:/texlive/2019/texmf-dist/tex/latex/hyperref/pd1enc.def
File: pd1enc.def 2020/01/14 v7.00d Hyperref: PDFDocEncoding definition (HO)
Now handling font encoding PD1 ...
... no UTF-8 mapping file for font encoding PD1
)
(c:/texlive/2019/texmf-dist/tex/generic/intcalc/intcalc.sty
Package: intcalc 2019/12/15 v1.3 Expandable calculations with integers (HO)
)
(c:/texlive/2019/texmf-dist/tex/generic/etexcmds/etexcmds.sty
Package: etexcmds 2019/12/15 v1.7 Avoid name clashes with e-TeX commands (HO)
)
\Hy@SavedSpaceFactor=\count181
\pdfmajorversion=\count182
Package hyperref Info: Hyper figures OFF on input line 4547.
Package hyperref Info: Link nesting OFF on input line 4552.
Package hyperref Info: Hyper index ON on input line 4555.
Package hyperref Info: Plain pages OFF on input line 4562.
Package hyperref Info: Backreferencing OFF on input line 4567.
Package hyperref Info: Implicit mode ON; LaTeX internals redefined.
Package hyperref Info: Bookmarks ON on input line 4800.
\c@Hy@tempcnt=\count183

(c:/texlive/2019/texmf-dist/tex/latex/url/url.sty
\Urlmuskip=\muskip16
Package: url 2013/09/16  ver 3.4  Verb mode for urls, etc.
)
LaTeX Info: Redefining \url on input line 5159.
\XeTeXLinkMargin=\dimen146

(c:/texlive/2019/texmf-dist/tex/generic/bitset/bitset.sty
Package: bitset 2019/12/09 v1.3 Handle bit-vector datatype (HO)

(c:/texlive/2019/texmf-dist/tex/generic/bigintcalc/bigintcalc.sty
Package: bigintcalc 2019/12/15 v1.5 Expandable calculations on big integers (HO
)
))
\Fld@menulength=\count184
\Field@Width=\dimen147
\Fld@charsize=\dimen148
Package hyperref Info: Hyper figures OFF on input line 6430.
Package hyperref Info: Link nesting OFF on input line 6435.
Package hyperref Info: Hyper index ON on input line 6438.
Package hyperref Info: backreferencing OFF on input line 6445.
Package hyperref Info: Link coloring OFF on input line 6450.
Package hyperref Info: Link coloring with OCG OFF on input line 6455.
Package hyperref Info: PDF/A mode OFF on input line 6460.
LaTeX Info: Redefining \ref on input line 6500.
LaTeX Info: Redefining \pageref on input line 6504.

(c:/texlive/2019/texmf-dist/tex/generic/atbegshi/atbegshi.sty
Package: atbegshi 2019/12/05 v1.19 At begin shipout hook (HO)
)
\Hy@abspage=\count185
\c@Item=\count186
\c@Hfootnote=\count187
)
Package hyperref Info: Driver (autodetected): hpdftex.

(c:/texlive/2019/texmf-dist/tex/latex/hyperref/hpdftex.def
File: hpdftex.def 2020/01/14 v7.00d Hyperref driver for pdfTeX

(c:/texlive/2019/texmf-dist/tex/latex/atveryend/atveryend.sty
Package: atveryend 2019-12-11 v1.11 Hooks at the very end of document (HO)
Package atveryend Info: \enddocument detected (standard20110627).
)
\Fld@listcount=\count188
\c@bookmark@seq@number=\count189

(c:/texlive/2019/texmf-dist/tex/latex/rerunfilecheck/rerunfilecheck.sty
Package: rerunfilecheck 2019/12/05 v1.9 Rerun checks for auxiliary files (HO)

(c:/texlive/2019/texmf-dist/tex/generic/uniquecounter/uniquecounter.sty
Package: uniquecounter 2019/12/15 v1.4 Provide unlimited unique counter (HO)
)
Package uniquecounter Info: New unique counter `rerunfilecheck' on input line 2
86.
)
\Hy@SectionHShift=\skip49
)
(c:/texlive/2019/texmf-dist/tex/latex/booktabs/booktabs.sty
Package: booktabs 2020/01/12 v1.61803398 Publication quality tables
\heavyrulewidth=\dimen149
\lightrulewidth=\dimen150
\cmidrulewidth=\dimen151
\belowrulesep=\dimen152
\belowbottomsep=\dimen153
\aboverulesep=\dimen154
\abovetopsep=\dimen155
\cmidrulesep=\dimen156
\cmidrulekern=\dimen157
\defaultaddspace=\dimen158
\@cmidla=\count190
\@cmidlb=\count191
\@aboverulesep=\dimen159
\@belowrulesep=\dimen160
\@thisruleclass=\count192
\@lastruleclass=\count193
\@thisrulewidth=\dimen161
)
(c:/texlive/2019/texmf-dist/tex/latex/amsmath/amsmath.sty
Package: amsmath 2020/01/20 v2.17e AMS math features
\@mathmargin=\skip50

For additional information on amsmath, use the `?' option.
(c:/texlive/2019/texmf-dist/tex/latex/amsmath/amstext.sty
Package: amstext 2000/06/29 v2.01 AMS text

(c:/texlive/2019/texmf-dist/tex/latex/amsmath/amsgen.sty
File: amsgen.sty 1999/11/30 v2.0 generic functions
\@emptytoks=\toks19
\ex@=\dimen162
))
(c:/texlive/2019/texmf-dist/tex/latex/amsmath/amsbsy.sty
Package: amsbsy 1999/11/29 v1.2d Bold Symbols
\pmbraise@=\dimen163
)
(c:/texlive/2019/texmf-dist/tex/latex/amsmath/amsopn.sty
Package: amsopn 2016/03/08 v2.02 operator names
)
\inf@bad=\count194
LaTeX Info: Redefining \frac on input line 227.
\uproot@=\count195
\leftroot@=\count196
LaTeX Info: Redefining \overline on input line 389.
\classnum@=\count197
\DOTSCASE@=\count198
LaTeX Info: Redefining \ldots on input line 486.
LaTeX Info: Redefining \dots on input line 489.
LaTeX Info: Redefining \cdots on input line 610.
\Mathstrutbox@=\box47
\strutbox@=\box48
\big@size=\dimen164
LaTeX Font Info:    Redeclaring font encoding OML on input line 733.
LaTeX Font Info:    Redeclaring font encoding OMS on input line 734.
\macc@depth=\count199
\c@MaxMatrixCols=\count266
\dotsspace@=\muskip17
\c@parentequation=\count267
\dspbrk@lvl=\count268
\tag@help=\toks20
\row@=\count269
\column@=\count270
\maxfields@=\count271
\andhelp@=\toks21
\eqnshift@=\dimen165
\alignsep@=\dimen166
\tagshift@=\dimen167
\tagwidth@=\dimen168
\totwidth@=\dimen169
\lineht@=\dimen170
\@envbody=\toks22
\multlinegap=\skip51
\multlinetaggap=\skip52
\mathdisplay@stack=\toks23
LaTeX Info: Redefining \[ on input line 2859.
LaTeX Info: Redefining \] on input line 2860.
)
(c:/texlive/2019/texmf-dist/tex/latex/units/units.sty
Package: units 1998/08/04 v0.9b Typesetting units

(c:/texlive/2019/texmf-dist/tex/latex/base/ifthen.sty
Package: ifthen 2014/09/29 v1.1c Standard LaTeX ifthen package (DPC)
)
(c:/texlive/2019/texmf-dist/tex/latex/units/nicefrac.sty
Package: nicefrac 1998/08/04 v0.9b Nice fractions
\L@UnitsRaiseDisplaystyle=\skip53
\L@UnitsRaiseTextstyle=\skip54
\L@UnitsRaiseScriptstyle=\skip55
))
(c:/texlive/2019/texmf-dist/tex/latex/cleveref/cleveref.sty
Package: cleveref 2018/03/27 v0.21.4 Intelligent cross-referencing
Package cleveref Info: `hyperref' support loaded on input line 2370.
LaTeX Info: Redefining \cref on input line 2370.
LaTeX Info: Redefining \Cref on input line 2370.
LaTeX Info: Redefining \crefrange on input line 2370.
LaTeX Info: Redefining \Crefrange on input line 2370.
LaTeX Info: Redefining \cpageref on input line 2370.
LaTeX Info: Redefining \Cpageref on input line 2370.
LaTeX Info: Redefining \cpagerefrange on input line 2370.
LaTeX Info: Redefining \Cpagerefrange on input line 2370.
LaTeX Info: Redefining \labelcref on input line 2370.
LaTeX Info: Redefining \labelcpageref on input line 2370.
)
(c:/texlive/2019/texmf-dist/tex/latex/l3backend/l3backend-pdfmode.def
File: l3backend-pdfmode.def 2020-02-23 L3 backend support: PDF mode
\l__kernel_color_stack_int=\count272
\l__pdf_internal_box=\box49
)
(./document.aux

LaTeX Warning: Label `eq:Connection_ref' multiply defined.


LaTeX Warning: Label `eq:Connection_ref@cref' multiply defined.


LaTeX Warning: Label `eq:Connection_ref' multiply defined.


LaTeX Warning: Label `eq:Connection_ref@cref' multiply defined.

)
\openout1 = `document.aux'.

LaTeX Font Info:    Checking defaults for OML/cmm/m/it on input line 20.
LaTeX Font Info:    ... okay on input line 20.
LaTeX Font Info:    Checking defaults for OMS/cmsy/m/n on input line 20.
LaTeX Font Info:    ... okay on input line 20.
LaTeX Font Info:    Checking defaults for OT1/cmr/m/n on input line 20.
LaTeX Font Info:    ... okay on input line 20.
LaTeX Font Info:    Checking defaults for T1/cmr/m/n on input line 20.
LaTeX Font Info:    ... okay on input line 20.
LaTeX Font Info:    Checking defaults for TS1/cmr/m/n on input line 20.
LaTeX Font Info:    ... okay on input line 20.
LaTeX Font Info:    Checking defaults for OMX/cmex/m/n on input line 20.
LaTeX Font Info:    ... okay on input line 20.
LaTeX Font Info:    Checking defaults for U/cmr/m/n on input line 20.
LaTeX Font Info:    ... okay on input line 20.
LaTeX Font Info:    Checking defaults for PD1/pdf/m/n on input line 20.
LaTeX Font Info:    ... okay on input line 20.

*geometry* driver: auto-detecting
*geometry* detected driver: pdftex
*geometry* verbose mode - [ preamble ] result:
* driver: pdftex
* paper: a4paper
* layout: <same size as paper>
* layoutoffset:(h,v)=(0.0pt,0.0pt)
* modes: 
* h-part:(L,W,R)=(56.9055pt, 450.97528pt, 89.62709pt)
* v-part:(T,H,B)=(56.9055pt, 686.7347pt, 101.40665pt)
* \paperwidth=597.50787pt
* \paperheight=845.04684pt
* \textwidth=450.97528pt
* \textheight=686.7347pt
* \oddsidemargin=-15.36449pt
* \evensidemargin=-15.36449pt
* \topmargin=-52.36449pt
* \headheight=12.0pt
* \headsep=25.0pt
* \topskip=10.0pt
* \footskip=30.0pt
* \marginparwidth=65.0pt
* \marginparsep=11.0pt
* \columnsep=10.0pt
* \skip\footins=9.0pt plus 4.0pt minus 2.0pt
* \hoffset=0.0pt
* \voffset=0.0pt
* \mag=1000
* \@twocolumnfalse
* \@twosidefalse
* \@mparswitchfalse
* \@reversemarginfalse
* (1in=72.27pt=25.4mm, 1cm=28.453pt)

(c:/texlive/2019/texmf-dist/tex/context/base/mkii/supp-pdf.mkii
[Loading MPS to PDF converter (version 2006.09.02).]
\scratchcounter=\count273
\scratchdimen=\dimen171
\scratchbox=\box50
\nofMPsegments=\count274
\nofMParguments=\count275
\everyMPshowfont=\toks24
\MPscratchCnt=\count276
\MPscratchDim=\dimen172
\MPnumerator=\count277
\makeMPintoPDFobject=\count278
\everyMPtoPDFconversion=\toks25
) (c:/texlive/2019/texmf-dist/tex/latex/epstopdf-pkg/epstopdf-base.sty
Package: epstopdf-base 2020-01-24 v2.11 Base part for package epstopdf
Package epstopdf-base Info: Redefining graphics rule for `.eps' on input line 4
85.

(c:/texlive/2019/texmf-dist/tex/latex/latexconfig/epstopdf-sys.cfg
File: epstopdf-sys.cfg 2010/07/13 v1.3 Configuration of (r)epstopdf for TeX Liv
e
))
\AtBeginShipoutBox=\box51
Package hyperref Info: Link coloring OFF on input line 20.

(c:/texlive/2019/texmf-dist/tex/latex/hyperref/nameref.sty
Package: nameref 2019/09/16 v2.46 Cross-referencing by name of section

(c:/texlive/2019/texmf-dist/tex/latex/refcount/refcount.sty
Package: refcount 2019/12/15 v3.6 Data extraction from label references (HO)
)
(c:/texlive/2019/texmf-dist/tex/generic/gettitlestring/gettitlestring.sty
Package: gettitlestring 2019/12/15 v1.6 Cleanup title references (HO)
)
\c@section@level=\count279
)
LaTeX Info: Redefining \ref on input line 20.
LaTeX Info: Redefining \pageref on input line 20.
LaTeX Info: Redefining \nameref on input line 20.

(./document.out) (./document.out)
\@outlinefile=\write3
\openout3 = `document.out'.

 (./report.tex [1

{c:/texlive/2019/texmf-var/fonts/map/pdftex/updmap/pdftex.map}]
Overfull \hbox (80.1702pt too wide) in paragraph at lines 119--126
 [] 
 []

[2]
Overfull \hbox (85.61125pt too wide) in paragraph at lines 139--146
 [] 
 []

[3]
<figures/Condenser_CharLine_kA_char1_condenser.pdf, id=235, 427.87668pt x 304.4
468pt>
File: figures/Condenser_CharLine_kA_char1_condenser.pdf Graphic file (type pdf)

<use figures/Condenser_CharLine_kA_char1_condenser.pdf>
Package pdftex.def Info: figures/Condenser_CharLine_kA_char1_condenser.pdf  use
d on input line 239.
(pdftex.def)             Requested size: 225.48764pt x 160.44087pt.
<figures/Condenser_CharLine_kA_char2_condenser.pdf, id=237, 427.87668pt x 304.4
468pt>
File: figures/Condenser_CharLine_kA_char2_condenser.pdf Graphic file (type pdf)

<use figures/Condenser_CharLine_kA_char2_condenser.pdf>
Package pdftex.def Info: figures/Condenser_CharLine_kA_char2_condenser.pdf  use
d on input line 247.
(pdftex.def)             Requested size: 225.48764pt x 160.44087pt.

Overfull \hbox (17.22221pt too wide) in paragraph at lines 237--253
[]$[]$ $[]$ 
 []

[4 <./figures/Condenser_CharLine_kA_char1_condenser.pdf> <./figures/Condenser_C
harLine_kA_char2_condenser.pdf

pdfTeX warning: pdflatex.exe (file ./figures/Condenser_CharLine_kA_char2_conden
ser.pdf): PDF inclusion: multiple pdfs with page group included in a single pag
e
>]
<figures/Pump_CharLine_eta_s_char_district_heating_pump.pdf, id=316, 427.87668p
t x 308.46179pt>
File: figures/Pump_CharLine_eta_s_char_district_heating_pump.pdf Graphic file (
type pdf)
<use figures/Pump_CharLine_eta_s_char_district_heating_pump.pdf>
Package pdftex.def Info: figures/Pump_CharLine_eta_s_char_district_heating_pump
.pdf  used on input line 294.
(pdftex.def)             Requested size: 225.48764pt x 162.55673pt.
<figures/Pump_CharLine_eta_s_char_evaporator_reciculation_pump.pdf, id=319, 427
.87668pt x 308.46179pt>
File: figures/Pump_CharLine_eta_s_char_evaporator_reciculation_pump.pdf Graphic
 file (type pdf)
<use figures/Pump_CharLine_eta_s_char_evaporator_reciculation_pump.pdf>
Package pdftex.def Info: figures/Pump_CharLine_eta_s_char_evaporator_reciculati
on_pump.pdf  used on input line 302.
(pdftex.def)             Requested size: 225.48764pt x 162.55673pt.

Overfull \hbox (17.22221pt too wide) in paragraph at lines 292--308
[]$[]$ $[]$ 
 []

<figures/Pump_CharLine_eta_s_char_pump.pdf, id=322, 427.87668pt x 308.46179pt>
File: figures/Pump_CharLine_eta_s_char_pump.pdf Graphic file (type pdf)
<use figures/Pump_CharLine_eta_s_char_pump.pdf>
Package pdftex.def Info: figures/Pump_CharLine_eta_s_char_pump.pdf  used on inp
ut line 311.
(pdftex.def)             Requested size: 225.48764pt x 162.55673pt.
[5 <./figures/Pump_CharLine_eta_s_char_district_heating_pump.pdf> <./figures/Pu
mp_CharLine_eta_s_char_evaporator_reciculation_pump.pdf

pdfTeX warning: pdflatex.exe (file ./figures/Pump_CharLine_eta_s_char_evaporato
r_reciculation_pump.pdf): PDF inclusion: multiple pdfs with page group included
 in a single page
> <./figures/Pump_CharLine_eta_s_char_pump.pdf

pdfTeX warning: pdflatex.exe (file ./figures/Pump_CharLine_eta_s_char_pump.pdf)
: PDF inclusion: multiple pdfs with page group included in a single page
>] [6]
<figures/HeatExchanger_CharLine_kA_char1_evaporator.pdf, id=447, 427.87668pt x 
304.4468pt>
File: figures/HeatExchanger_CharLine_kA_char1_evaporator.pdf Graphic file (type
 pdf)
<use figures/HeatExchanger_CharLine_kA_char1_evaporator.pdf>
Package pdftex.def Info: figures/HeatExchanger_CharLine_kA_char1_evaporator.pdf
  used on input line 485.
(pdftex.def)             Requested size: 225.48764pt x 160.44087pt.
<figures/HeatExchanger_CharLine_kA_char2_evaporator.pdf, id=449, 427.89236pt x 
304.4468pt>
File: figures/HeatExchanger_CharLine_kA_char2_evaporator.pdf Graphic file (type
 pdf)
<use figures/HeatExchanger_CharLine_kA_char2_evaporator.pdf>
Package pdftex.def Info: figures/HeatExchanger_CharLine_kA_char2_evaporator.pdf
  used on input line 493.
(pdftex.def)             Requested size: 225.48764pt x 160.43158pt.

Overfull \hbox (17.22221pt too wide) in paragraph at lines 483--499
[]$[]$ $[]$ 
 []

<figures/HeatExchanger_CharLine_kA_char1_intercooler.pdf, id=451, 427.87668pt x
 304.4468pt>
File: figures/HeatExchanger_CharLine_kA_char1_intercooler.pdf Graphic file (typ
e pdf)
<use figures/HeatExchanger_CharLine_kA_char1_intercooler.pdf>
Package pdftex.def Info: figures/HeatExchanger_CharLine_kA_char1_intercooler.pd
f  used on input line 502.
(pdftex.def)             Requested size: 225.48764pt x 160.44087pt.
<figures/HeatExchanger_CharLine_kA_char2_intercooler.pdf, id=453, 427.87668pt x
 304.4468pt>
File: figures/HeatExchanger_CharLine_kA_char2_intercooler.pdf Graphic file (typ
e pdf)
<use figures/HeatExchanger_CharLine_kA_char2_intercooler.pdf>
Package pdftex.def Info: figures/HeatExchanger_CharLine_kA_char2_intercooler.pd
f  used on input line 510.
(pdftex.def)             Requested size: 225.48764pt x 160.44087pt.

Overfull \hbox (17.22221pt too wide) in paragraph at lines 500--516
[]$[]$ $[]$ 
 []

[7 <./figures/HeatExchanger_CharLine_kA_char1_evaporator.pdf> <./figures/HeatEx
changer_CharLine_kA_char2_evaporator.pdf

pdfTeX warning: pdflatex.exe (file ./figures/HeatExchanger_CharLine_kA_char2_ev
aporator.pdf): PDF inclusion: multiple pdfs with page group included in a singl
e page
>]
<figures/Compressor_CharLine_eta_s_char_compressor_1.pdf, id=529, 427.89236pt x
 304.4468pt>
File: figures/Compressor_CharLine_eta_s_char_compressor_1.pdf Graphic file (typ
e pdf)
<use figures/Compressor_CharLine_eta_s_char_compressor_1.pdf>
Package pdftex.def Info: figures/Compressor_CharLine_eta_s_char_compressor_1.pd
f  used on input line 589.
(pdftex.def)             Requested size: 225.48764pt x 160.43158pt.
<figures/Compressor_CharLine_eta_s_char_compressor_2.pdf, id=531, 427.89236pt x
 304.4468pt>
File: figures/Compressor_CharLine_eta_s_char_compressor_2.pdf Graphic file (typ
e pdf)
<use figures/Compressor_CharLine_eta_s_char_compressor_2.pdf>
Package pdftex.def Info: figures/Compressor_CharLine_eta_s_char_compressor_2.pd
f  used on input line 597.
(pdftex.def)             Requested size: 225.48764pt x 160.43158pt.

Overfull \hbox (17.22221pt too wide) in paragraph at lines 587--603
[]$[]$ $[]$ 
 []

[8 <./figures/HeatExchanger_CharLine_kA_char1_intercooler.pdf> <./figures/HeatE
xchanger_CharLine_kA_char2_intercooler.pdf

pdfTeX warning: pdflatex.exe (file ./figures/HeatExchanger_CharLine_kA_char2_in
tercooler.pdf): PDF inclusion: multiple pdfs with page group included in a sing
le page
>]
<figures/Bus_CharLine_compressor_1offdesign.pdf, id=613, 427.24649pt x 309.4655
5pt>
File: figures/Bus_CharLine_compressor_1offdesign.pdf Graphic file (type pdf)
<use figures/Bus_CharLine_compressor_1offdesign.pdf>
Package pdftex.def Info: figures/Bus_CharLine_compressor_1offdesign.pdf  used o
n input line 630.
(pdftex.def)             Requested size: 225.48764pt x 163.32652pt.
<figures/Bus_CharLine_compressor_2offdesign.pdf, id=614, 427.24649pt x 309.4655
5pt>
File: figures/Bus_CharLine_compressor_2offdesign.pdf Graphic file (type pdf)
<use figures/Bus_CharLine_compressor_2offdesign.pdf>
Package pdftex.def Info: figures/Bus_CharLine_compressor_2offdesign.pdf  used o
n input line 638.
(pdftex.def)             Requested size: 225.48764pt x 163.32652pt.

Overfull \hbox (17.22221pt too wide) in paragraph at lines 628--644
[]$[]$ $[]$ 
 []

<figures/Bus_CharLine_pumpoffdesign.pdf, id=615, 427.24649pt x 309.46555pt>
File: figures/Bus_CharLine_pumpoffdesign.pdf Graphic file (type pdf)
<use figures/Bus_CharLine_pumpoffdesign.pdf>
Package pdftex.def Info: figures/Bus_CharLine_pumpoffdesign.pdf  used on input 
line 647.
(pdftex.def)             Requested size: 225.48764pt x 163.32652pt.
<figures/Bus_CharLine_district_heating_pumpoffdesign.pdf, id=616, 427.24649pt x
 309.46555pt>
File: figures/Bus_CharLine_district_heating_pumpoffdesign.pdf Graphic file (typ
e pdf)
<use figures/Bus_CharLine_district_heating_pumpoffdesign.pdf>
Package pdftex.def Info: figures/Bus_CharLine_district_heating_pumpoffdesign.pd
f  used on input line 655.
(pdftex.def)             Requested size: 225.48764pt x 163.32652pt.

Overfull \hbox (17.22221pt too wide) in paragraph at lines 645--661
[]$[]$ $[]$ 
 []

[9 <./figures/Compressor_CharLine_eta_s_char_compressor_1.pdf> <./figures/Compr
essor_CharLine_eta_s_char_compressor_2.pdf

pdfTeX warning: pdflatex.exe (file ./figures/Compressor_CharLine_eta_s_char_com
pressor_2.pdf): PDF inclusion: multiple pdfs with page group included in a sing
le page
> <./figures/Bus_CharLine_compressor_1offdesign.pdf

pdfTeX warning: pdflatex.exe (file ./figures/Bus_CharLine_compressor_1offdesign
.pdf): PDF inclusion: multiple pdfs with page group included in a single page
> <./figures/Bus_CharLine_compressor_2offdesign.pdf

pdfTeX warning: pdflatex.exe (file ./figures/Bus_CharLine_compressor_2offdesign
.pdf): PDF inclusion: multiple pdfs with page group included in a single page
>]
<figures/Bus_CharLine_evaporator_reciculation_pumpoffdesign.pdf, id=747, 427.24
649pt x 309.46555pt>
File: figures/Bus_CharLine_evaporator_reciculation_pumpoffdesign.pdf Graphic fi
le (type pdf)
<use figures/Bus_CharLine_evaporator_reciculation_pumpoffdesign.pdf>
Package pdftex.def Info: figures/Bus_CharLine_evaporator_reciculation_pumpoffde
sign.pdf  used on input line 664.
(pdftex.def)             Requested size: 225.48764pt x 163.32652pt.
)
Package atveryend Info: Empty hook `BeforeClearDocument' on input line 22.
 [10 <./figures/Bus_CharLine_pumpoffdesign.pdf> <./figures/Bus_CharLine_distric
t_heating_pumpoffdesign.pdf

pdfTeX warning: pdflatex.exe (file ./figures/Bus_CharLine_district_heating_pump
offdesign.pdf): PDF inclusion: multiple pdfs with page group included in a sing
le page
> <./figures/Bus_CharLine_evaporator_reciculation_pumpoffdesign.pdf

pdfTeX warning: pdflatex.exe (file ./figures/Bus_CharLine_evaporator_reciculati
on_pumpoffdesign.pdf): PDF inclusion: multiple pdfs with page group included in
 a single page
>]
Package atveryend Info: Empty hook `AfterLastShipout' on input line 22.
 (./document.aux)
Package atveryend Info: Executing hook `AtVeryEndDocument' on input line 22.
Package atveryend Info: Executing hook `AtEndAfterFileList' on input line 22.


Package rerunfilecheck Warning: File `document.out' has changed.
(rerunfilecheck)                Rerun to get outlines right
(rerunfilecheck)                or use package `bookmark'.

Package rerunfilecheck Info: Checksums for `document.out':
(rerunfilecheck)             Before: FE5D7503F7794605A2485CE3962A55CE;3377
(rerunfilecheck)             After:  32DF27D88FD32370869BF2B8683F7CFE;3333.

LaTeX Warning: There were multiply-defined labels.

Package atveryend Info: Empty hook `AtVeryVeryEnd' on input line 22.
 ) 
Here is how much of TeX's memory you used:
 8436 strings out of 480994
 145359 string characters out of 5916032
 426167 words of memory out of 5000000
 23690 multiletter control sequences out of 15000+600000
 534813 words of font info for 33 fonts, out of 8000000 for 9000
 1141 hyphenation exceptions out of 8191
 34i,19n,30p,321b,354s stack positions out of 5000i,500n,10000p,200000b,80000s
{c:/texlive/2019/texmf-dist/fonts/enc/dvips/cm-super/cm-super-ts1.enc}<c:/tex
live/2019/texmf-dist/fonts/type1/public/amsfonts/cm/cmbx10.pfb><c:/texlive/2019
/texmf-dist/fonts/type1/public/amsfonts/cm/cmbx12.pfb><c:/texlive/2019/texmf-di
st/fonts/type1/public/amsfonts/cm/cmex10.pfb><c:/texlive/2019/texmf-dist/fonts/
type1/public/amsfonts/cm/cmmi10.pfb><c:/texlive/2019/texmf-dist/fonts/type1/pub
lic/amsfonts/cm/cmmi5.pfb><c:/texlive/2019/texmf-dist/fonts/type1/public/amsfon
ts/cm/cmmi7.pfb><c:/texlive/2019/texmf-dist/fonts/type1/public/amsfonts/cm/cmr1
0.pfb><c:/texlive/2019/texmf-dist/fonts/type1/public/amsfonts/cm/cmr5.pfb><c:/t
exlive/2019/texmf-dist/fonts/type1/public/amsfonts/cm/cmr7.pfb><c:/texlive/2019
/texmf-dist/fonts/type1/public/amsfonts/cm/cmsy10.pfb><c:/texlive/2019/texmf-di
st/fonts/type1/public/amsfonts/cm/cmsy7.pfb><c:/texlive/2019/texmf-dist/fonts/t
ype1/public/amsfonts/cm/cmtt10.pfb><c:/texlive/2019/texmf-dist/fonts/type1/publ
ic/cm-super/sfrm1000.pfb>
Output written on document.pdf (10 pages, 15848100 bytes).
PDF statistics:
 917 PDF objects out of 1000 (max. 8388607)
 706 compressed objects within 8 object streams
 133 named destinations out of 1000 (max. 500000)
 433 words of extra memory for PDF output out of 10000 (max. 10000000)

